<?xml version="1.0" encoding="UTF-8"?>
<coverage generated="1752367942">
  <project timestamp="1752367942">
    <package name="Druid\ComingSoon">
      <file name="/Users/vince/WWW/druidweb/coming/src/ComingSoonServiceProvider.php">
        <class name="Druid\ComingSoon\ComingSoonServiceProvider" namespace="Druid\ComingSoon">
          <metrics complexity="3" methods="2" coveredmethods="2" conditionals="0" coveredconditionals="0" statements="12" coveredstatements="12" elements="14" coveredelements="14"/>
        </class>
        <line num="15" type="method" name="boot" visibility="public" complexity="2" crap="2" count="11"/>
        <line num="18" type="stmt" count="11"/>
        <line num="19" type="stmt" count="11"/>
        <line num="20" type="stmt" count="11"/>
        <line num="21" type="stmt" count="11"/>
        <line num="25" type="stmt" count="11"/>
        <line num="26" type="stmt" count="11"/>
        <line num="27" type="stmt" count="11"/>
        <line num="28" type="stmt" count="11"/>
        <line num="31" type="stmt" count="11"/>
        <line num="32" type="stmt" count="11"/>
        <line num="33" type="stmt" count="11"/>
        <line num="41" type="method" name="register" visibility="public" complexity="1" crap="1" count="11"/>
        <line num="42" type="stmt" count="11"/>
        <metrics loc="44" ncloc="33" classes="1" methods="2" coveredmethods="2" conditionals="0" coveredconditionals="0" statements="12" coveredstatements="12" elements="14" coveredelements="14"/>
      </file>
    </package>
    <package name="Druid\ComingSoon\Console\Commands">
      <file name="/Users/vince/WWW/druidweb/coming/src/Console/Commands/InstallComingSoonCommand.php">
        <class name="Druid\ComingSoon\Console\Commands\InstallComingSoonCommand" namespace="Druid\ComingSoon\Console\Commands">
          <metrics complexity="17" methods="4" coveredmethods="4" conditionals="0" coveredconditionals="0" statements="63" coveredstatements="63" elements="67" coveredelements="67"/>
        </class>
        <line num="32" type="method" name="handle" visibility="public" complexity="3" crap="3" count="10"/>
        <line num="34" type="stmt" count="10"/>
        <line num="36" type="stmt" count="10"/>
        <line num="37" type="stmt" count="10"/>
        <line num="38" type="stmt" count="10"/>
        <line num="41" type="stmt" count="10"/>
        <line num="42" type="stmt" count="7"/>
        <line num="46" type="stmt" count="10"/>
        <line num="47" type="stmt" count="8"/>
        <line num="50" type="stmt" count="10"/>
        <line num="51" type="stmt" count="10"/>
        <line num="52" type="stmt" count="10"/>
        <line num="53" type="stmt" count="10"/>
        <line num="54" type="stmt" count="10"/>
        <line num="55" type="stmt" count="10"/>
        <line num="57" type="stmt" count="10"/>
        <line num="63" type="method" name="publishResources" visibility="protected" complexity="2" crap="2" count="7"/>
        <line num="65" type="stmt" count="7"/>
        <line num="67" type="stmt" count="7"/>
        <line num="68" type="stmt" count="7"/>
        <line num="69" type="stmt" count="7"/>
        <line num="70" type="stmt" count="7"/>
        <line num="71" type="stmt" count="7"/>
        <line num="72" type="stmt" count="7"/>
        <line num="73" type="stmt" count="7"/>
        <line num="74" type="stmt" count="7"/>
        <line num="75" type="stmt" count="7"/>
        <line num="76" type="stmt" count="7"/>
        <line num="78" type="stmt" count="7"/>
        <line num="79" type="stmt" count="7"/>
        <line num="86" type="method" name="publishAssets" visibility="protected" complexity="5" crap="5" count="8"/>
        <line num="88" type="stmt" count="8"/>
        <line num="90" type="stmt" count="8"/>
        <line num="91" type="stmt" count="8"/>
        <line num="93" type="stmt" count="8"/>
        <line num="94" type="stmt" count="1"/>
        <line num="96" type="stmt" count="1"/>
        <line num="100" type="stmt" count="7"/>
        <line num="101" type="stmt" count="1"/>
        <line num="105" type="stmt" count="7"/>
        <line num="107" type="stmt" count="7"/>
        <line num="108" type="stmt" count="7"/>
        <line num="109" type="stmt" count="7"/>
        <line num="112" type="stmt" count="7"/>
        <line num="113" type="stmt" count="7"/>
        <line num="114" type="stmt" count="7"/>
        <line num="117" type="stmt" count="7"/>
        <line num="118" type="stmt" count="7"/>
        <line num="119" type="stmt" count="7"/>
        <line num="120" type="stmt" count="7"/>
        <line num="121" type="stmt" count="7"/>
        <line num="122" type="stmt" count="7"/>
        <line num="129" type="method" name="publishFile" visibility="protected" complexity="7" crap="7" count="10"/>
        <line num="131" type="stmt" count="10"/>
        <line num="132" type="stmt" count="1"/>
        <line num="134" type="stmt" count="1"/>
        <line num="138" type="stmt" count="10"/>
        <line num="139" type="stmt" count="2"/>
        <line num="140" type="stmt" count="1"/>
        <line num="142" type="stmt" count="1"/>
        <line num="144" type="stmt" count="1"/>
        <line num="149" type="stmt" count="10"/>
        <line num="150" type="stmt" count="10"/>
        <line num="151" type="stmt" count="5"/>
        <line num="155" type="stmt" count="10"/>
        <line num="156" type="stmt" count="9"/>
        <line num="158" type="stmt" count="1"/>
        <metrics loc="162" ncloc="132" classes="1" methods="4" coveredmethods="4" conditionals="0" coveredconditionals="0" statements="63" coveredstatements="63" elements="67" coveredelements="67"/>
      </file>
    </package>
    <metrics files="2" loc="206" ncloc="165" classes="2" methods="6" coveredmethods="6" conditionals="0" coveredconditionals="0" statements="75" coveredstatements="75" elements="81" coveredelements="81"/>
  </project>
</coverage>
